<?xml version="1.0" encoding="UTF-8"?>
<!-- Generated by org.testng.reporters.JUnitXMLReporter -->
<testsuite hostname="ISSLT477" ignored="0" name="Command line test" tests="6" failures="0" timestamp="29 Nov 2018 12:38:54 GMT" time="0.061" errors="0">
  <testcase name="IOSapps" time="0.001" classname="qaclickacademy.AppiumTest"/>
  <testcase name="NativeappAndroid" time="0.001" classname="qaclickacademy.AppiumTest"/>
  <testcase name="deleteTwitter" time="0.0" classname="qaclickacademy.RESTAPITest"/>
  <testcase name="postjira" time="0.0" classname="qaclickacademy.RESTAPITest"/>
  <testcase name="BrowserAoutomation" time="0.001" classname="qaclickacademy.SeleniumTest"/>
  <testcase name="elementui" time="0.001" classname="qaclickacademy.SeleniumTest"/>
</testsuite> <!-- Command line test -->
