<?xml version="1.0" encoding="UTF-8"?>
<!-- Generated by org.testng.reporters.JUnitXMLReporter -->
<testsuite hostname="ISSLT477" ignored="0" name="Test" tests="4" failures="0" timestamp="27 Nov 2018 13:09:15 GMT" time="0.05" errors="0">
  <testcase name="BrowserAoutomation" time="0.01" classname="qaclickacademy.SeleniumTest"/>
  <testcase name="elementui" time="0.0" classname="qaclickacademy.SeleniumTest"/>
  <testcase name="deleteTwitter" time="0.0" classname="qaclickacademy.RESTAPITest"/>
  <testcase name="postjira" time="0.001" classname="qaclickacademy.RESTAPITest"/>
</testsuite> <!-- Test -->
