<?xml version="1.0" encoding="UTF-8"?>
<testng-results skipped="0" failed="0" ignored="0" total="6" passed="6">
  <reporter-output>
  </reporter-output>
  <suite name="Command line suite" duration-ms="61" started-at="2018-11-29T12:38:53Z" finished-at="2018-11-29T12:38:53Z">
    <groups>
    </groups>
    <test name="Command line test" duration-ms="61" started-at="2018-11-29T12:38:53Z" finished-at="2018-11-29T12:38:53Z">
      <class name="qaclickacademy.AppiumTest">
        <test-method status="PASS" signature="IOSapps()[pri:0, instance:qaclickacademy.AppiumTest@3498ed]" name="IOSapps" duration-ms="1" started-at="2018-11-29T18:08:53Z" finished-at="2018-11-29T18:08:53Z">
          <reporter-output>
          </reporter-output>
        </test-method> <!-- IOSapps -->
        <test-method status="PASS" signature="NativeappAndroid()[pri:0, instance:qaclickacademy.AppiumTest@3498ed]" name="NativeappAndroid" duration-ms="1" started-at="2018-11-29T18:08:53Z" finished-at="2018-11-29T18:08:53Z">
          <reporter-output>
          </reporter-output>
        </test-method> <!-- NativeappAndroid -->
      </class> <!-- qaclickacademy.AppiumTest -->
      <class name="qaclickacademy.RESTAPITest">
        <test-method status="PASS" signature="deleteTwitter()[pri:0, instance:qaclickacademy.RESTAPITest@1a407d53]" name="deleteTwitter" duration-ms="0" started-at="2018-11-29T18:08:53Z" finished-at="2018-11-29T18:08:53Z">
          <reporter-output>
          </reporter-output>
        </test-method> <!-- deleteTwitter -->
        <test-method status="PASS" signature="postjira()[pri:0, instance:qaclickacademy.RESTAPITest@1a407d53]" name="postjira" duration-ms="0" started-at="2018-11-29T18:08:53Z" finished-at="2018-11-29T18:08:53Z">
          <reporter-output>
          </reporter-output>
        </test-method> <!-- postjira -->
      </class> <!-- qaclickacademy.RESTAPITest -->
      <class name="qaclickacademy.SeleniumTest">
        <test-method status="PASS" signature="prereq()[pri:0, instance:qaclickacademy.SeleniumTest@6aaa5eb0]" name="prereq" is-config="true" duration-ms="23" started-at="2018-11-29T18:08:53Z" finished-at="2018-11-29T18:08:53Z">
          <reporter-output>
          </reporter-output>
        </test-method> <!-- prereq -->
        <test-method status="PASS" signature="BrowserAoutomation()[pri:0, instance:qaclickacademy.SeleniumTest@6aaa5eb0]" name="BrowserAoutomation" duration-ms="1" started-at="2018-11-29T18:08:53Z" finished-at="2018-11-29T18:08:53Z">
          <reporter-output>
          </reporter-output>
        </test-method> <!-- BrowserAoutomation -->
        <test-method status="PASS" signature="elementui()[pri:0, instance:qaclickacademy.SeleniumTest@6aaa5eb0]" name="elementui" duration-ms="1" started-at="2018-11-29T18:08:53Z" finished-at="2018-11-29T18:08:53Z">
          <reporter-output>
          </reporter-output>
        </test-method> <!-- elementui -->
      </class> <!-- qaclickacademy.SeleniumTest -->
    </test> <!-- Command line test -->
  </suite> <!-- Command line suite -->
</testng-results>
