<?xml version="1.0" encoding="UTF-8"?>
<testng-results skipped="0" failed="0" ignored="0" total="2" passed="2">
  <reporter-output>
  </reporter-output>
  <suite name="Default suite" duration-ms="73" started-at="2018-12-08T01:44:40Z" finished-at="2018-12-08T01:44:40Z">
    <groups>
    </groups>
    <test name="Default test" duration-ms="73" started-at="2018-12-08T01:44:40Z" finished-at="2018-12-08T01:44:40Z">
      <class name="qaclickacademy.AppiumTest">
        <test-method status="PASS" signature="IOSapps()[pri:0, instance:qaclickacademy.AppiumTest@6a4f787b]" name="IOSapps" duration-ms="21" started-at="2018-12-08T01:44:40Z" finished-at="2018-12-08T01:44:40Z">
          <reporter-output>
          </reporter-output>
        </test-method> <!-- IOSapps -->
        <test-method status="PASS" signature="NativeappAndroid()[pri:0, instance:qaclickacademy.AppiumTest@6a4f787b]" name="NativeappAndroid" duration-ms="3" started-at="2018-12-08T01:44:40Z" finished-at="2018-12-08T01:44:40Z">
          <reporter-output>
          </reporter-output>
        </test-method> <!-- NativeappAndroid -->
      </class> <!-- qaclickacademy.AppiumTest -->
    </test> <!-- Default test -->
  </suite> <!-- Default suite -->
</testng-results>
